#
# A fatal error has been detected by the Java Runtime Environment:
#
#  SIGSEGV (0xb) at pc=0x000000010b2cbd0c, pid=25099, tid=15875
#
# JRE version: 7.0_17-b02
# Java VM: Java HotSpot(TM) 64-Bit Server VM (23.7-b01 mixed mode bsd-amd64 compressed oops)
# Problematic frame:
# V  [libjvm.dylib+0x2cbd0c]
#
# Failed to write core dump. Core dumps have been disabled. To enable core dumping, try "ulimit -c unlimited" before starting Java again
#
# If you would like to submit a bug report, please visit:
#   http://bugreport.sun.com/bugreport/crash.jsp
#

---------------  T H R E A D  ---------------

Current thread (0x00007f8bf286a800):  JavaThread "JDWP Transport Listener: dt_socket" daemon [_thread_in_vm, id=15875, stack(0x0000000113504000,0x0000000113604000)]

siginfo:si_signo=SIGSEGV: si_errno=0, si_code=0 (SEGV0), si_addr=0x0000000000000000

Registers:
RAX=0x0000000000000001, RBX=0x0000000113603acb, RCX=0x00000000000fc080, RDX=0x0000000113603acb
RSP=0x0000000113603a30, RBP=0x0000000113603a80, RSI=0x00007f8bf286a800, RDI=0x00007f8bf0e020b0
R8 =0x00007f8bf0d217f0, R9 =0x0000000000000000, R10=0x00000000f7dfe638, R11=0x00000000a84cc7b1
R12=0x00007f8bf286a800, R13=0x8000000000000000, R14=0x8000000000000000, R15=0x00007f8bf0e020b0
RIP=0x000000010b2cbd0c, EFLAGS=0x0000000000010286, ERR=0x0000000000000000
  TRAPNO=0x000000000000000d

Top of Stack: (sp=0x0000000113603a30)
0x0000000113603a30:   00007f8bf286a800 0000000000000000
0x0000000113603a40:   0000000000000000 0000000000000000
0x0000000113603a50:   00007f8bf286a800 00007f8bf286a800
0x0000000113603a60:   0000000113603acb 0000000113603ad0
0x0000000113603a70:   8000000000000000 0000000000000004
0x0000000113603a80:   0000000113603aa0 000000010a79d280
0x0000000113603a90:   0000000000000001 0000000113603b48
0x0000000113603aa0:   0000000113603b10 000000010a78215b
0x0000000113603ab0:   0000000113603ae0 00007f8bf0d21c10
0x0000000113603ac0:   0000000500000032 0000000a00603b48
0x0000000113603ad0:   0000000000000000 0000000000000000
0x0000000113603ae0:   0000000000000000 0000000113603cd0
0x0000000113603af0:   000000010a7a4da4 00007f8bf0d214c0
0x0000000113603b00:   0000000113603b48 000000010a7b0568
0x0000000113603b10:   0000000113603b20 000000010a782254
0x0000000113603b20:   0000000113603d40 000000010a78b75e
0x0000000113603b30:   00004b4500000013 00000000000f0200
0x0000000113603b40:   00007f8bf0d21450 0000000113603c2a
0x0000000113603b50:   00007f8b0000009a 0000000113603b60
0x0000000113603b60:   00007f8b00000092 0000000113603b98
0x0000000113603b70:   0000000000000000 0000000000000000
0x0000000113603b80:   00004b4500000051 00007fff00002e80
0x0000000113603b90:   0000000113603b98 8b7f000005000000
0x0000000113603ba0:   06000000f8bdf3f0 00003e74696e693c
0x0000000113603bb0:   0000005629280300 7f00000100000000
0x0000000113603bc0:   00000060a8e0f08b 63616f727070610c
0x0000000113603bd0:   000000657a6f4f68 0000000056292803
0x0000000113603be0:   8b7f00000a000000 0a000000d8bdf3f0
0x0000000113603bf0:   6f74537472617473 2928030000007972
0x0000000113603c00:   0000000000000056 bdf3f08b7f00000a
0x0000000113603c10:   6b617706000000f0 2803000000705565
0x0000000113603c20:   0000000000005629 0000005629280a00 

Instructions: (pc=0x000000010b2cbd0c)
0x000000010b2cbcec:   00 00 00 41 f6 87 68 01 00 00 10 75 07 b8 63 00
0x000000010b2cbcfc:   00 00 eb 7a 4d 85 f6 75 07 b8 17 00 00 00 eb 6e
0x000000010b2cbd0c:   4d 8b 36 48 b8 fe fe fe fe fe fe fe fe 49 39 c6
0x000000010b2cbd1c:   74 e7 4d 85 f6 74 e2 48 8d 05 66 1c 46 00 80 38 

Register to memory mapping:

RAX=0x0000000000000001 is an unknown value
RBX=0x0000000113603acb is pointing into the stack for thread: 0x00007f8bf286a800
RCX=0x00000000000fc080 is an unknown value
RDX=0x0000000113603acb is pointing into the stack for thread: 0x00007f8bf286a800
RSP=0x0000000113603a30 is pointing into the stack for thread: 0x00007f8bf286a800
RBP=0x0000000113603a80 is pointing into the stack for thread: 0x00007f8bf286a800
RSI=0x00007f8bf286a800 is a thread
RDI=0x00007f8bf0e020b0 is an unknown value
R8 =0x00007f8bf0d217f0 is an unknown value
R9 =0x0000000000000000 is an unknown value
R10=0x00000000f7dfe638 is an unknown value
R11=0x00000000a84cc7b1 is an unknown value
R12=0x00007f8bf286a800 is a thread
R13=0x8000000000000000 is an unknown value
R14=0x8000000000000000 is an unknown value
R15=0x00007f8bf0e020b0 is an unknown value


Stack: [0x0000000113504000,0x0000000113604000],  sp=0x0000000113603a30,  free space=1022k
Native frames: (J=compiled Java code, j=interpreted, Vv=VM code, C=native code)
V  [libjvm.dylib+0x2cbd0c]
C  [libjdwp.dylib+0x20280]  isMethodSynthetic+0x63
C  [libjdwp.dylib+0x515b]  methods1+0x10b
C  [libjdwp.dylib+0x5254]  methodsWithGeneric+0xe
C  [libjdwp.dylib+0xe75e]  debugLoop_run+0x1ce
C  [libjdwp.dylib+0x1f1ba]  attachThread+0x4d
V  [libjvm.dylib+0x30b676]
V  [libjvm.dylib+0x478294]
V  [libjvm.dylib+0x47977a]
V  [libjvm.dylib+0x3b5191]
C  [libsystem_pthread.dylib+0x1899]  _pthread_body+0x8a
C  [libsystem_pthread.dylib+0x172a]  _pthread_struct_init+0x0
C  [libsystem_pthread.dylib+0x5fc9]  thread_start+0xd


---------------  P R O C E S S  ---------------

Java Threads: ( => current thread )
  0x00007f8bf1012800 JavaThread "Service Thread" daemon [_thread_blocked, id=17155, stack(0x0000000113a13000,0x0000000113b13000)]
  0x00007f8bf1012000 JavaThread "C2 CompilerThread1" daemon [_thread_blocked, id=16899, stack(0x0000000113910000,0x0000000113a10000)]
  0x00007f8bf1010000 JavaThread "C2 CompilerThread0" daemon [_thread_blocked, id=16643, stack(0x000000011380d000,0x000000011390d000)]
  0x00007f8bf100a000 JavaThread "JDWP Command Reader" daemon [_thread_in_native, id=16387, stack(0x000000011370a000,0x000000011380a000)]
  0x00007f8bf181f000 JavaThread "JDWP Event Helper Thread" daemon [_thread_blocked, id=16131, stack(0x0000000113607000,0x0000000113707000)]
=>0x00007f8bf286a800 JavaThread "JDWP Transport Listener: dt_socket" daemon [_thread_in_vm, id=15875, stack(0x0000000113504000,0x0000000113604000)]
  0x00007f8bf2866800 JavaThread "Signal Dispatcher" daemon [_thread_blocked, id=15619, stack(0x00000001133fb000,0x00000001134fb000)]
  0x00007f8bf2854000 JavaThread "Finalizer" daemon [_thread_blocked, id=10755, stack(0x00000001131a1000,0x00000001132a1000)]
  0x00007f8bf2853000 JavaThread "Reference Handler" daemon [_thread_blocked, id=10499, stack(0x000000011309e000,0x000000011319e000)]
  0x00007f8bf1801000 JavaThread "main" [_thread_blocked, id=5891, stack(0x000000010a63d000,0x000000010a73d000)]

Other Threads:
  0x00007f8bf2850800 VMThread [stack: 0x0000000112f9b000,0x000000011309b000] [id=10243]
  0x00007f8bf1005800 WatcherThread [stack: 0x0000000113b16000,0x0000000113c16000] [id=17411]

VM state:not at safepoint (normal execution)

VM Mutex/Monitor currently owned by a thread: None

Heap
 PSYoungGen      total 18816K, used 1311K [0x00000007eb000000, 0x00000007ec4f0000, 0x0000000800000000)
  eden space 16192K, 8% used [0x00000007eb000000,0x00000007eb147ec0,0x00000007ebfd0000)
  from space 2624K, 0% used [0x00000007ec260000,0x00000007ec260000,0x00000007ec4f0000)
  to   space 2624K, 0% used [0x00000007ebfd0000,0x00000007ebfd0000,0x00000007ec260000)
 ParOldGen       total 43008K, used 0K [0x00000007c1000000, 0x00000007c3a00000, 0x00000007eb000000)
  object space 43008K, 0% used [0x00000007c1000000,0x00000007c1000000,0x00000007c3a00000)
 PSPermGen       total 21248K, used 2823K [0x00000007bbe00000, 0x00000007bd2c0000, 0x00000007c1000000)
  object space 21248K, 13% used [0x00000007bbe00000,0x00000007bc0c1eb8,0x00000007bd2c0000)

Card table byte_map: [0x000000010eb67000,0x000000010ed89000] byte_map_base: 0x000000010ad88000

Polling page: 0x000000010a77c000

Code Cache  [0x000000010baa7000, 0x000000010bd17000, 0x000000010eaa7000)
 total_blobs=176 nmethods=2 adapters=135 free_code_cache=48771Kb largest_free_block=49926592

Compilation events (4 events):
Event: 0.257 Thread 0x00007f8bf1010000    1             java.lang.String::hashCode (55 bytes)
Event: 0.265 Thread 0x00007f8bf1010000 nmethod 1 0x000000010bb069d0 code [0x000000010bb06b20, 0x000000010bb06cd8]
Event: 0.272 Thread 0x00007f8bf1012000    2             java.lang.String::charAt (29 bytes)
Event: 0.273 Thread 0x00007f8bf1012000 nmethod 2 0x000000010bb06690 code [0x000000010bb067e0, 0x000000010bb068d8]

GC Heap History (0 events):
No events

Deoptimization events (0 events):
No events

Internal exceptions (10 events):
Event: 0.268 Thread 0x00007f8bf1801000 Threw 0x00000007eb0f9ba0 at /HUDSON/workspace/jdk7u17-2-build-macosx-amd64-product/jdk7u17/hotspot/src/share/vm/prims/jni.cpp:716
Event: 0.268 Thread 0x00007f8bf1801000 Threw 0x00000007eb0f9cc0 at /HUDSON/workspace/jdk7u17-2-build-macosx-amd64-product/jdk7u17/hotspot/src/share/vm/prims/jvm.cpp:1166
Event: 0.269 Thread 0x00007f8bf1801000 Threw 0x00000007eb0f9de8 at /HUDSON/workspace/jdk7u17-2-build-macosx-amd64-product/jdk7u17/hotspot/src/share/vm/prims/jvm.cpp:1166
Event: 0.270 Thread 0x00007f8bf1801000 Threw 0x00000007eb0fa880 at /HUDSON/workspace/jdk7u17-2-build-macosx-amd64-product/jdk7u17/hotspot/src/share/vm/prims/jni.cpp:716
Event: 0.270 Thread 0x00007f8bf1801000 Threw 0x00000007eb0fa9a0 at /HUDSON/workspace/jdk7u17-2-build-macosx-amd64-product/jdk7u17/hotspot/src/share/vm/prims/jvm.cpp:1166
Event: 0.270 Thread 0x00007f8bf1801000 Threw 0x00000007eb0faac8 at /HUDSON/workspace/jdk7u17-2-build-macosx-amd64-product/jdk7u17/hotspot/src/share/vm/prims/jvm.cpp:1166
Event: 0.275 Thread 0x00007f8bf1801000 Threw 0x00000007eb10d108 at /HUDSON/workspace/jdk7u17-2-build-macosx-amd64-product/jdk7u17/hotspot/src/share/vm/prims/jni.cpp:716
Event: 0.275 Thread 0x00007f8bf1801000 Threw 0x00000007eb10d228 at /HUDSON/workspace/jdk7u17-2-build-macosx-amd64-product/jdk7u17/hotspot/src/share/vm/prims/jvm.cpp:1166
Event: 0.275 Thread 0x00007f8bf1801000 Threw 0x00000007eb10d350 at /HUDSON/workspace/jdk7u17-2-build-macosx-amd64-product/jdk7u17/hotspot/src/share/vm/prims/jvm.cpp:1166
Event: 0.275 Thread 0x00007f8bf1801000 Threw 0x00000007eb10d5a0 at /HUDSON/workspace/jdk7u17-2-build-macosx-amd64-product/jdk7u17/hotspot/src/share/vm/prims/jvm.cpp:1166

Events (10 events):
Event: 50479.721 Executing VM operation: EnterInterpOnlyMode
Event: 50479.721 Executing VM operation: EnterInterpOnlyMode done
Event: 50479.721 Executing VM operation: GetCurrentLocation
Event: 50479.721 Executing VM operation: GetCurrentLocation done
Event: 50479.721 Executing VM operation: ChangeSingleStep
Event: 50479.721 Executing VM operation: ChangeSingleStep done
Event: 50479.722 Executing VM operation: ChangeSingleStep
Event: 50479.722 Executing VM operation: ChangeSingleStep done
Event: 50738.240 Executing VM operation: RedefineClasses
Event: 50738.241 Executing VM operation: RedefineClasses done


Dynamic libraries:
0x000000000bd90000 	/System/Library/Frameworks/Cocoa.framework/Versions/A/Cocoa
0x000000000bd90000 	/System/Library/Frameworks/Security.framework/Versions/A/Security
0x000000000bd90000 	/System/Library/Frameworks/ApplicationServices.framework/Versions/A/ApplicationServices
0x000000000bd90000 	/usr/lib/libz.1.dylib
0x000000000bd90000 	/usr/lib/libSystem.B.dylib
0x000000000bd90000 	/usr/lib/libobjc.A.dylib
0x000000000bd90000 	/System/Library/Frameworks/CoreFoundation.framework/Versions/A/CoreFoundation
0x000000000bd90000 	/System/Library/Frameworks/AppKit.framework/Versions/C/AppKit
0x000000000bd90000 	/System/Library/Frameworks/CoreData.framework/Versions/A/CoreData
0x000000000bd90000 	/System/Library/Frameworks/Foundation.framework/Versions/C/Foundation
0x000000000bd90000 	/System/Library/PrivateFrameworks/RemoteViewServices.framework/Versions/A/RemoteViewServices
0x000000000bd90000 	/System/Library/Frameworks/AudioToolbox.framework/Versions/A/AudioToolbox
0x000000000bd90000 	/System/Library/Frameworks/AudioUnit.framework/Versions/A/AudioUnit
0x000000000bd90000 	/System/Library/PrivateFrameworks/DataDetectorsCore.framework/Versions/A/DataDetectorsCore
0x000000000bd90000 	/System/Library/PrivateFrameworks/DesktopServicesPriv.framework/Versions/A/DesktopServicesPriv
0x000000000bd90000 	/System/Library/Frameworks/Carbon.framework/Versions/A/Frameworks/HIToolbox.framework/Versions/A/HIToolbox
0x000000000bd90000 	/System/Library/Frameworks/QuartzCore.framework/Versions/A/QuartzCore
0x000000000bd90000 	/System/Library/Frameworks/Carbon.framework/Versions/A/Frameworks/SpeechRecognition.framework/Versions/A/SpeechRecognition
0x000000000bd90000 	/usr/lib/libauto.dylib
0x000000000bd90000 	/usr/lib/libicucore.A.dylib
0x000000000bd90000 	/usr/lib/libxml2.2.dylib
0x000000000bd90000 	/System/Library/PrivateFrameworks/CoreUI.framework/Versions/A/CoreUI
0x000000000bd90000 	/System/Library/Frameworks/CoreAudio.framework/Versions/A/CoreAudio
0x000000000bd90000 	/System/Library/Frameworks/DiskArbitration.framework/Versions/A/DiskArbitration
0x000000000bd90000 	/usr/lib/liblangid.dylib
0x000000000bd90000 	/System/Library/PrivateFrameworks/MultitouchSupport.framework/Versions/A/MultitouchSupport
0x000000000bd90000 	/System/Library/Frameworks/IOKit.framework/Versions/A/IOKit
0x000000000bd90000 	/usr/lib/libDiagnosticMessagesClient.dylib
0x000000000bd90000 	/System/Library/Frameworks/CoreServices.framework/Versions/A/CoreServices
0x000000000bd90000 	/System/Library/PrivateFrameworks/PerformanceAnalysis.framework/Versions/A/PerformanceAnalysis
0x000000000bd90000 	/System/Library/PrivateFrameworks/GenerationalStorage.framework/Versions/A/GenerationalStorage
0x000000000bd90000 	/System/Library/Frameworks/OpenGL.framework/Versions/A/OpenGL
0x000000000bd90000 	/System/Library/PrivateFrameworks/Sharing.framework/Versions/A/Sharing
0x000000000bd90000 	/System/Library/Frameworks/ImageIO.framework/Versions/A/ImageIO
0x000000000bd90000 	/System/Library/Frameworks/CoreText.framework/Versions/A/CoreText
0x000000000bd90000 	/System/Library/Frameworks/CoreGraphics.framework/Versions/A/CoreGraphics
0x000000000bd90000 	/System/Library/PrivateFrameworks/Backup.framework/Versions/A/Backup
0x000000000bd90000 	/System/Library/Frameworks/CFNetwork.framework/Versions/A/CFNetwork
0x000000000bd90000 	/System/Library/Frameworks/SystemConfiguration.framework/Versions/A/SystemConfiguration
0x000000000bd90000 	/usr/lib/libCRFSuite.dylib
0x000000000bd90000 	/usr/lib/libc++.1.dylib
0x000000000bd90000 	/usr/lib/libc++abi.dylib
0x000000000bd90000 	/usr/lib/system/libcache.dylib
0x000000000bd90000 	/usr/lib/system/libcommonCrypto.dylib
0x000000000bd90000 	/usr/lib/system/libcompiler_rt.dylib
0x000000000bd90000 	/usr/lib/system/libcopyfile.dylib
0x000000000bd90000 	/usr/lib/system/libcorecrypto.dylib
0x000000000bd90000 	/usr/lib/system/libdispatch.dylib
0x000000000bd90000 	/usr/lib/system/libdyld.dylib
0x000000000bd90000 	/usr/lib/system/libkeymgr.dylib
0x000000000bd90000 	/usr/lib/system/liblaunch.dylib
0x000000000bd90000 	/usr/lib/system/libmacho.dylib
0x000000000bd90000 	/usr/lib/system/libquarantine.dylib
0x000000000bd90000 	/usr/lib/system/libremovefile.dylib
0x000000000bd90000 	/usr/lib/system/libsystem_asl.dylib
0x000000000bd90000 	/usr/lib/system/libsystem_blocks.dylib
0x000000000bd90000 	/usr/lib/system/libsystem_c.dylib
0x000000000bd90000 	/usr/lib/system/libsystem_configuration.dylib
0x000000000bd90000 	/usr/lib/system/libsystem_dnssd.dylib
0x000000000bd90000 	/usr/lib/system/libsystem_info.dylib
0x000000000bd90000 	/usr/lib/system/libsystem_kernel.dylib
0x000000000bd90000 	/usr/lib/system/libsystem_m.dylib
0x000000000bd90000 	/usr/lib/system/libsystem_malloc.dylib
0x000000000bd90000 	/usr/lib/system/libsystem_network.dylib
0x000000000bd90000 	/usr/lib/system/libsystem_notify.dylib
0x000000000bd90000 	/usr/lib/system/libsystem_platform.dylib
0x000000000bd90000 	/usr/lib/system/libsystem_pthread.dylib
0x000000000bd90000 	/usr/lib/system/libsystem_sandbox.dylib
0x000000000bd90000 	/usr/lib/system/libsystem_stats.dylib
0x000000000bd90000 	/usr/lib/system/libunc.dylib
0x000000000bd90000 	/usr/lib/system/libunwind.dylib
0x000000000bd90000 	/usr/lib/system/libxpc.dylib
0x000000000bd90000 	/usr/lib/libbsm.0.dylib
0x000000000bd90000 	/usr/lib/libsqlite3.dylib
0x000000000bd90000 	/usr/lib/libxar.1.dylib
0x000000000bd90000 	/usr/lib/libpam.2.dylib
0x000000000bd90000 	/usr/lib/libOpenScriptingUtil.dylib
0x000000000bd90000 	/usr/lib/libbz2.1.0.dylib
0x000000000bd90000 	/System/Library/Frameworks/CoreServices.framework/Versions/A/Frameworks/CarbonCore.framework/Versions/A/CarbonCore
0x000000000bd90000 	/System/Library/Frameworks/CoreServices.framework/Versions/A/Frameworks/Metadata.framework/Versions/A/Metadata
0x000000000bd90000 	/System/Library/Frameworks/CoreServices.framework/Versions/A/Frameworks/OSServices.framework/Versions/A/OSServices
0x000000000bd90000 	/System/Library/Frameworks/CoreServices.framework/Versions/A/Frameworks/SearchKit.framework/Versions/A/SearchKit
0x000000000bd90000 	/System/Library/Frameworks/CoreServices.framework/Versions/A/Frameworks/AE.framework/Versions/A/AE
0x000000000bd90000 	/System/Library/Frameworks/CoreServices.framework/Versions/A/Frameworks/LaunchServices.framework/Versions/A/LaunchServices
0x000000000bd90000 	/System/Library/Frameworks/CoreServices.framework/Versions/A/Frameworks/DictionaryServices.framework/Versions/A/DictionaryServices
0x000000000bd90000 	/System/Library/Frameworks/NetFS.framework/Versions/A/NetFS
0x000000000bd90000 	/usr/lib/system/libkxld.dylib
0x000000000bd90000 	/System/Library/PrivateFrameworks/NetAuth.framework/Versions/A/NetAuth
0x000000000bd90000 	/System/Library/PrivateFrameworks/TCC.framework/Versions/A/TCC
0x000000000bd90000 	/System/Library/Frameworks/OpenDirectory.framework/Versions/A/Frameworks/CFOpenDirectory.framework/Versions/A/CFOpenDirectory
0x000000000bd90000 	/System/Library/Frameworks/ServiceManagement.framework/Versions/A/ServiceManagement
0x000000000bd90000 	/usr/lib/libxslt.1.dylib
0x000000000bd90000 	/System/Library/Frameworks/Carbon.framework/Versions/A/Frameworks/Ink.framework/Versions/A/Ink
0x000000000bd90000 	/System/Library/Frameworks/ApplicationServices.framework/Versions/A/Frameworks/ATS.framework/Versions/A/ATS
0x000000000bd90000 	/System/Library/Frameworks/ApplicationServices.framework/Versions/A/Frameworks/ColorSync.framework/Versions/A/ColorSync
0x000000000bd90000 	/System/Library/Frameworks/ApplicationServices.framework/Versions/A/Frameworks/HIServices.framework/Versions/A/HIServices
0x000000000bd90000 	/System/Library/Frameworks/ApplicationServices.framework/Versions/A/Frameworks/LangAnalysis.framework/Versions/A/LangAnalysis
0x000000000bd90000 	/System/Library/Frameworks/ApplicationServices.framework/Versions/A/Frameworks/PrintCore.framework/Versions/A/PrintCore
0x000000000bd90000 	/System/Library/Frameworks/ApplicationServices.framework/Versions/A/Frameworks/QD.framework/Versions/A/QD
0x000000000bd90000 	/System/Library/Frameworks/ApplicationServices.framework/Versions/A/Frameworks/SpeechSynthesis.framework/Versions/A/SpeechSynthesis
0x000000000bd90000 	/System/Library/Frameworks/IOSurface.framework/Versions/A/IOSurface
0x000000000bd90000 	/System/Library/Frameworks/Accelerate.framework/Versions/A/Accelerate
0x000000000bd90000 	/System/Library/Frameworks/Accelerate.framework/Versions/A/Frameworks/vImage.framework/Versions/A/vImage
0x000000000bd90000 	/System/Library/Frameworks/Accelerate.framework/Versions/A/Frameworks/vecLib.framework/Versions/A/vecLib
0x000000000bd90000 	/System/Library/Frameworks/Accelerate.framework/Versions/A/Frameworks/vecLib.framework/Versions/A/libvDSP.dylib
0x000000000bd90000 	/System/Library/Frameworks/Accelerate.framework/Versions/A/Frameworks/vecLib.framework/Versions/A/libvMisc.dylib
0x000000000bd90000 	/System/Library/Frameworks/Accelerate.framework/Versions/A/Frameworks/vecLib.framework/Versions/A/libLAPACK.dylib
0x000000000bd90000 	/System/Library/Frameworks/Accelerate.framework/Versions/A/Frameworks/vecLib.framework/Versions/A/libBLAS.dylib
0x000000000bd90000 	/System/Library/Frameworks/ApplicationServices.framework/Versions/A/Frameworks/ATS.framework/Versions/A/Resources/libFontParser.dylib
0x000000000bd90000 	/System/Library/Frameworks/ApplicationServices.framework/Versions/A/Frameworks/ATS.framework/Versions/A/Resources/libFontRegistry.dylib
0x000000000bd90000 	/System/Library/Frameworks/ImageIO.framework/Versions/A/Resources/libJPEG.dylib
0x000000000bd90000 	/System/Library/Frameworks/ImageIO.framework/Versions/A/Resources/libTIFF.dylib
0x000000000bd90000 	/System/Library/Frameworks/ImageIO.framework/Versions/A/Resources/libPng.dylib
0x000000000bd90000 	/System/Library/Frameworks/ImageIO.framework/Versions/A/Resources/libGIF.dylib
0x000000000bd90000 	/System/Library/Frameworks/ImageIO.framework/Versions/A/Resources/libJP2.dylib
0x000000000bd90000 	/System/Library/Frameworks/ImageIO.framework/Versions/A/Resources/libRadiance.dylib
0x000000000bd90000 	/usr/lib/libcups.2.dylib
0x000000000bd90000 	/System/Library/Frameworks/Kerberos.framework/Versions/A/Kerberos
0x000000000bd90000 	/System/Library/Frameworks/GSS.framework/Versions/A/GSS
0x000000000bd90000 	/usr/lib/libresolv.9.dylib
0x000000000bd90000 	/usr/lib/libiconv.2.dylib
0x000000000bd90000 	/System/Library/PrivateFrameworks/Heimdal.framework/Versions/A/Heimdal
0x000000000bd90000 	/System/Library/PrivateFrameworks/TrustEvaluationAgent.framework/Versions/A/TrustEvaluationAgent
0x000000000bd90000 	/usr/lib/libheimdal-asn1.dylib
0x000000000bd90000 	/System/Library/Frameworks/OpenDirectory.framework/Versions/A/OpenDirectory
0x000000000bd90000 	/System/Library/PrivateFrameworks/CommonAuth.framework/Versions/A/CommonAuth
0x000000000bd90000 	/System/Library/Frameworks/SecurityFoundation.framework/Versions/A/SecurityFoundation
0x000000000bd90000 	/System/Library/PrivateFrameworks/Bom.framework/Versions/A/Bom
0x000000000bd90000 	/System/Library/Frameworks/CoreVideo.framework/Versions/A/CoreVideo
0x000000000bd90000 	/System/Library/Frameworks/QuartzCore.framework/Versions/A/Frameworks/CoreImage.framework/Versions/A/CoreImage
0x000000000bd90000 	/System/Library/Frameworks/QuartzCore.framework/Versions/A/Frameworks/ScalableUserInterface.framework/Versions/A/ScalableUserInterface
0x000000000bd90000 	/System/Library/Frameworks/OpenGL.framework/Versions/A/Libraries/libGLU.dylib
0x000000000bd90000 	/System/Library/Frameworks/OpenGL.framework/Versions/A/Libraries/libGFXShared.dylib
0x000000000bd90000 	/System/Library/Frameworks/OpenGL.framework/Versions/A/Libraries/libGL.dylib
0x000000000bd90000 	/System/Library/Frameworks/OpenGL.framework/Versions/A/Libraries/libGLImage.dylib
0x000000000bd90000 	/System/Library/Frameworks/OpenGL.framework/Versions/A/Libraries/libCVMSPluginSupport.dylib
0x000000000bd90000 	/System/Library/Frameworks/OpenGL.framework/Versions/A/Libraries/libCoreVMClient.dylib
0x000000000bd90000 	/System/Library/PrivateFrameworks/FaceCore.framework/Versions/A/FaceCore
0x000000000bd90000 	/System/Library/PrivateFrameworks/CrashReporterSupport.framework/Versions/A/CrashReporterSupport
0x000000000bd90000 	/System/Library/Frameworks/OpenCL.framework/Versions/A/OpenCL
0x000000000bd90000 	/System/Library/PrivateFrameworks/AppleFSCompression.framework/Versions/A/AppleFSCompression
0x000000000bd90000 	/System/Library/PrivateFrameworks/Ubiquity.framework/Versions/A/Ubiquity
0x000000000bd90000 	/System/Library/PrivateFrameworks/IconServices.framework/Versions/A/IconServices
0x000000000bd90000 	/System/Library/PrivateFrameworks/ChunkingLibrary.framework/Versions/A/ChunkingLibrary
0x000000000bd90000 	/System/Library/PrivateFrameworks/CoreSymbolication.framework/Versions/A/CoreSymbolication
0x000000000bd90000 	/System/Library/PrivateFrameworks/Symbolication.framework/Versions/A/Symbolication
0x000000000bd90000 	/System/Library/PrivateFrameworks/DebugSymbols.framework/Versions/A/DebugSymbols
0x000000010b000000 	/Library/Java/JavaVirtualMachines/jdk1.7.0_17.jdk/Contents/Home/jre/lib/server/libjvm.dylib
0x000000000bd90000 	/usr/lib/libstdc++.6.dylib
0x000000010a73f000 	/Library/Java/JavaVirtualMachines/jdk1.7.0_17.jdk/Contents/Home/jre/lib/libverify.dylib
0x000000010a74c000 	/Library/Java/JavaVirtualMachines/jdk1.7.0_17.jdk/Contents/Home/jre/lib/libjava.dylib
0x000000010a77d000 	/Library/Java/JavaVirtualMachines/jdk1.7.0_17.jdk/Contents/Home/jre/lib/libjdwp.dylib
0x000000010a7ba000 	/Library/Java/JavaVirtualMachines/jdk1.7.0_17.jdk/Contents/Home/jre/lib/./libnpt.dylib
0x000000010a7c7000 	/Library/Java/JavaVirtualMachines/jdk1.7.0_17.jdk/Contents/Home/jre/lib/libzip.dylib
0x00000001132a3000 	/System/Library/Frameworks/JavaVM.framework/Frameworks/JavaRuntimeSupport.framework/JavaRuntimeSupport
0x00000001132bb000 	/System/Library/Frameworks/JavaVM.framework/Versions/A/Frameworks/JavaNativeFoundation.framework/Versions/A/JavaNativeFoundation
0x00000001132d0000 	/System/Library/Frameworks/JavaVM.framework/Versions/A/JavaVM
0x000000000bd90000 	/System/Library/Frameworks/Carbon.framework/Versions/A/Carbon
0x00000001132dd000 	/System/Library/PrivateFrameworks/JavaLaunching.framework/Versions/A/JavaLaunching
0x000000000bd90000 	/System/Library/Frameworks/Carbon.framework/Versions/A/Frameworks/CommonPanels.framework/Versions/A/CommonPanels
0x000000000bd90000 	/System/Library/Frameworks/Carbon.framework/Versions/A/Frameworks/Help.framework/Versions/A/Help
0x000000000bd90000 	/System/Library/Frameworks/Carbon.framework/Versions/A/Frameworks/ImageCapture.framework/Versions/A/ImageCapture
0x000000000bd90000 	/System/Library/Frameworks/Carbon.framework/Versions/A/Frameworks/OpenScripting.framework/Versions/A/OpenScripting
0x000000000bd90000 	/System/Library/Frameworks/Carbon.framework/Versions/A/Frameworks/Print.framework/Versions/A/Print
0x000000000bd90000 	/System/Library/Frameworks/Carbon.framework/Versions/A/Frameworks/SecurityHI.framework/Versions/A/SecurityHI
0x00000001134fd000 	/Library/Java/JavaVirtualMachines/jdk1.7.0_17.jdk/Contents/Home/jre/lib/libdt_socket.dylib

VM Arguments:
jvm_args: -agentlib:jdwp=transport=dt_socket,suspend=y,address=localhost:59676 -Dfile.encoding=MacRoman 
java_command: org.teachingkidsprogramming.answerSets.ChooseYourOwnAdventure
Launcher Type: SUN_STANDARD

Environment Variables:
PATH=/usr/bin:/bin:/usr/sbin:/sbin
SHELL=/bin/bash
DISPLAY=/tmp/launch-fCtufH/org.macosforge.xquartz:0

Signal Handlers:
SIGSEGV: [libjvm.dylib+0x4a361d], sa_mask[0]=0xfffefeff, sa_flags=0x00000042
SIGBUS: [libjvm.dylib+0x4a361d], sa_mask[0]=0xfffefeff, sa_flags=0x00000042
SIGFPE: [libjvm.dylib+0x3b302d], sa_mask[0]=0xfffefeff, sa_flags=0x00000042
SIGPIPE: [libjvm.dylib+0x3b302d], sa_mask[0]=0xfffefeff, sa_flags=0x00000042
SIGXFSZ: [libjvm.dylib+0x3b302d], sa_mask[0]=0xfffefeff, sa_flags=0x00000042
SIGILL: [libjvm.dylib+0x3b302d], sa_mask[0]=0xfffefeff, sa_flags=0x00000042
SIGUSR1: SIG_DFL, sa_mask[0]=0x00000000, sa_flags=0x00000002
SIGUSR2: [libjvm.dylib+0x3b2bc6], sa_mask[0]=0x00000004, sa_flags=0x00000042
SIGHUP: [libjvm.dylib+0x3b0e27], sa_mask[0]=0xfffefeff, sa_flags=0x00000042
SIGINT: [libjvm.dylib+0x3b0e27], sa_mask[0]=0xfffefeff, sa_flags=0x00000042
SIGTERM: [libjvm.dylib+0x3b0e27], sa_mask[0]=0xfffefeff, sa_flags=0x00000042
SIGQUIT: [libjvm.dylib+0x3b0e27], sa_mask[0]=0xfffefeff, sa_flags=0x00000042


---------------  S Y S T E M  ---------------

OS:Bsduname:Darwin 13.1.0 Darwin Kernel Version 13.1.0: Thu Jan 16 19:40:37 PST 2014; root:xnu-2422.90.20~2/RELEASE_X86_64 x86_64
rlimit: STACK 8192k, CORE 0k, NPROC 709, NOFILE 10240, AS infinity
load average:2.81 5.25 7.28

CPU:total 4 (2 cores per cpu, 2 threads per core) family 6 model 42 stepping 7, cmov, cx8, fxsr, mmx, sse, sse2, sse3, ssse3, sse4.1, sse4.2, popcnt, avx, ht, tsc, tscinvbit

Memory: 4k page, physical 4120588k(1030147k free)

/proc/meminfo:


vm_info: Java HotSpot(TM) 64-Bit Server VM (23.7-b01) for bsd-amd64 JRE (1.7.0_17-b02), built on Mar  1 2013 06:41:23 by "java_re" with gcc 4.2.1 (Based on Apple Inc. build 5658) (LLVM build 2336.11.00)

time: Sun Apr 13 13:52:00 2014
elapsed time: 50738 seconds

